\BOOKMARK [1][-]{section.1}{\376\377\000O\000v\000e\000r\000v\000i\000e\000w}{}% 1
\BOOKMARK [1][-]{section.2}{\376\377\000C\000o\000o\000r\000d\000i\000n\000a\000t\000e\000\040\000S\000y\000s\000t\000e\000m\000\040\000a\000n\000d\000\040\000S\000i\000g\000n\000\040\000C\000o\000n\000v\000e\000n\000t\000i\000o\000n\000s}{}% 2
\BOOKMARK [2][-]{subsection.2.1}{\376\377\000C\000o\000o\000r\000d\000i\000n\000a\000t\000e\000\040\000S\000y\000s\000t\000e\000m}{section.2}% 3
\BOOKMARK [2][-]{subsection.2.2}{\376\377\000S\000i\000g\000n\000\040\000C\000o\000n\000v\000e\000n\000t\000i\000o\000n\000s}{section.2}% 4
\BOOKMARK [1][-]{section.3}{\376\377\000O\000a\000r\000\040\000G\000e\000o\000m\000e\000t\000r\000y}{}% 5
\BOOKMARK [2][-]{subsection.3.1}{\376\377\000O\000v\000e\000r\000a\000l\000l\000\040\000D\000i\000m\000e\000n\000s\000i\000o\000n\000s}{section.3}% 6
\BOOKMARK [2][-]{subsection.3.2}{\376\377\000B\000l\000a\000d\000e\000\040\000G\000e\000o\000m\000e\000t\000r\000y}{section.3}% 7
\BOOKMARK [2][-]{subsection.3.3}{\376\377\000S\000h\000a\000f\000t\000\040\000G\000e\000o\000m\000e\000t\000r\000y}{section.3}% 8
\BOOKMARK [2][-]{subsection.3.4}{\376\377\000S\000l\000e\000e\000v\000e\000\040\000G\000e\000o\000m\000e\000t\000r\000y}{section.3}% 9
\BOOKMARK [2][-]{subsection.3.5}{\376\377\000C\000o\000l\000l\000a\000r\000\040\000G\000e\000o\000m\000e\000t\000r\000y}{section.3}% 10
\BOOKMARK [2][-]{subsection.3.6}{\376\377\000O\000a\000r\000l\000o\000c\000k\000\040\000G\000e\000o\000m\000e\000t\000r\000y}{section.3}% 11
\BOOKMARK [2][-]{subsection.3.7}{\376\377\000H\000a\000n\000d\000l\000e\000\040\000G\000e\000o\000m\000e\000t\000r\000y}{section.3}% 12
\BOOKMARK [1][-]{section.4}{\376\377\000M\000e\000a\000s\000u\000r\000e\000m\000e\000n\000t\000\040\000B\000e\000a\000m\000\040\000G\000e\000o\000m\000e\000t\000r\000y}{}% 13
\BOOKMARK [2][-]{subsection.4.1}{\376\377\000B\000e\000a\000m\000\040\000D\000i\000m\000e\000n\000s\000i\000o\000n\000s\000\040\000a\000n\000d\000\040\000P\000o\000s\000i\000t\000i\000o\000n}{section.4}% 14
\BOOKMARK [2][-]{subsection.4.2}{\376\377\000B\000e\000a\000m\000\040\000C\000l\000a\000m\000p\000\040\000P\000o\000s\000i\000t\000i\000o\000n\000s}{section.4}% 15
\BOOKMARK [2][-]{subsection.4.3}{\376\377\000C\000l\000a\000m\000p\000\040\000R\000i\000g\000i\000d\000i\000t\000y\000\040\000a\000n\000d\000\040\000A\000s\000s\000e\000m\000b\000l\000y\000\040\000T\000o\000l\000e\000r\000a\000n\000c\000e\000s}{section.4}% 16
\BOOKMARK [3][-]{subsubsection.4.3.1}{\376\377\000S\000y\000s\000t\000e\000m\000\040\000M\000i\000s\000a\000l\000i\000g\000n\000m\000e\000n\000t}{subsection.4.3}% 17
\BOOKMARK [3][-]{subsubsection.4.3.2}{\376\377\000I\000n\000i\000t\000i\000a\000l\000\040\000B\000e\000a\000m\000\040\000T\000w\000i\000s\000t}{subsection.4.3}% 18
\BOOKMARK [1][-]{section.5}{\376\377\000M\000a\000t\000e\000r\000i\000a\000l\000\040\000P\000r\000o\000p\000e\000r\000t\000i\000e\000s}{}% 19
\BOOKMARK [2][-]{subsection.5.1}{\376\377\000S\000h\000a\000f\000t\000\040\000M\000a\000t\000e\000r\000i\000a\000l\000:\000\040\000C\000a\000r\000b\000o\000n\000\040\000F\000i\000b\000e\000r\000\040\000C\000o\000m\000p\000o\000s\000i\000t\000e}{section.5}% 20
\BOOKMARK [2][-]{subsection.5.2}{\376\377\000B\000e\000a\000m\000\040\000M\000a\000t\000e\000r\000i\000a\000l\000:\000\040\000A\000l\000u\000m\000i\000n\000u\000m\000\040\0001\0000\0005\0000}{section.5}% 21
\BOOKMARK [1][-]{section.6}{\376\377\000S\000t\000r\000a\000i\000n\000\040\000G\000a\000u\000g\000e\000\040\000S\000p\000e\000c\000i\000f\000i\000c\000a\000t\000i\000o\000n\000s}{}% 22
\BOOKMARK [2][-]{subsection.6.1}{\376\377\000G\000a\000u\000g\000e\000\040\000T\000y\000p\000e\000\040\000a\000n\000d\000\040\000C\000o\000n\000f\000i\000g\000u\000r\000a\000t\000i\000o\000n}{section.6}% 23
\BOOKMARK [2][-]{subsection.6.2}{\376\377\000B\000r\000i\000d\000g\000e\000\040\000C\000o\000n\000f\000i\000g\000u\000r\000a\000t\000i\000o\000n}{section.6}% 24
\BOOKMARK [2][-]{subsection.6.3}{\376\377\000E\000x\000p\000e\000c\000t\000e\000d\000\040\000S\000t\000r\000a\000i\000n\000\040\000R\000a\000n\000g\000e}{section.6}% 25
\BOOKMARK [1][-]{section.7}{\376\377\000O\000p\000e\000r\000a\000t\000i\000n\000g\000\040\000C\000o\000n\000d\000i\000t\000i\000o\000n\000s}{}% 26
\BOOKMARK [2][-]{subsection.7.1}{\376\377\000T\000e\000m\000p\000e\000r\000a\000t\000u\000r\000e\000\040\000R\000a\000n\000g\000e}{section.7}% 27
\BOOKMARK [2][-]{subsection.7.2}{\376\377\000M\000e\000c\000h\000a\000n\000i\000c\000a\000l\000\040\000L\000o\000a\000d\000i\000n\000g}{section.7}% 28
\BOOKMARK [1][-]{section.8}{\376\377\000T\000h\000e\000o\000r\000e\000t\000i\000c\000a\000l\000\040\000F\000r\000a\000m\000e\000w\000o\000r\000k}{}% 29
\BOOKMARK [2][-]{subsection.8.1}{\376\377\000S\000t\000r\000a\000i\000n\000\040\000D\000e\000c\000o\000m\000p\000o\000s\000i\000t\000i\000o\000n\000\040\000a\000n\000d\000\040\000M\000e\000a\000s\000u\000r\000e\000m\000e\000n\000t\000\040\000M\000o\000d\000e\000l}{section.8}% 30
\BOOKMARK [2][-]{subsection.8.2}{\376\377\000B\000e\000a\000m\000\040\000B\000e\000n\000d\000i\000n\000g\000\040\000T\000h\000e\000o\000r\000y}{section.8}% 31
\BOOKMARK [3][-]{subsubsection.8.2.1}{\376\377\000G\000o\000v\000e\000r\000n\000i\000n\000g\000\040\000E\000q\000u\000a\000t\000i\000o\000n}{subsection.8.2}% 32
\BOOKMARK [3][-]{subsubsection.8.2.2}{\376\377\000M\000o\000m\000e\000n\000t\000-\000C\000u\000r\000v\000a\000t\000u\000r\000e\000\040\000R\000e\000l\000a\000t\000i\000o\000n}{subsection.8.2}% 33
\BOOKMARK [3][-]{subsubsection.8.2.3}{\376\377\000S\000t\000r\000a\000i\000n\000-\000D\000i\000s\000p\000l\000a\000c\000e\000m\000e\000n\000t\000\040\000R\000e\000l\000a\000t\000i\000o\000n}{subsection.8.2}% 34
\BOOKMARK [3][-]{subsubsection.8.2.4}{\376\377\000S\000e\000c\000o\000n\000d\000\040\000M\000o\000m\000e\000n\000t\000\040\000o\000f\000\040\000A\000r\000e\000a}{subsection.8.2}% 35
\BOOKMARK [3][-]{subsubsection.8.2.5}{\376\377\000B\000o\000u\000n\000d\000a\000r\000y\000\040\000C\000o\000n\000d\000i\000t\000i\000o\000n\000s}{subsection.8.2}% 36
\BOOKMARK [2][-]{subsection.8.3}{\376\377\000T\000h\000e\000r\000m\000a\000l\000\040\000E\000f\000f\000e\000c\000t\000s}{section.8}% 37
\BOOKMARK [3][-]{subsubsection.8.3.1}{\376\377\000D\000i\000f\000f\000e\000r\000e\000n\000t\000i\000a\000l\000\040\000T\000h\000e\000r\000m\000a\000l\000\040\000E\000x\000p\000a\000n\000s\000i\000o\000n}{subsection.8.3}% 38
\BOOKMARK [3][-]{subsubsection.8.3.2}{\376\377\000C\000l\000a\000m\000p\000-\000I\000n\000d\000u\000c\000e\000d\000\040\000A\000s\000s\000e\000m\000b\000l\000y\000\040\000S\000t\000r\000a\000i\000n}{subsection.8.3}% 39
\BOOKMARK [3][-]{subsubsection.8.3.3}{\376\377\000T\000h\000e\000r\000m\000a\000l\000\040\000A\000m\000p\000l\000i\000f\000i\000c\000a\000t\000i\000o\000n}{subsection.8.3}% 40
\BOOKMARK [2][-]{subsection.8.4}{\376\377\000S\000t\000a\000b\000i\000l\000i\000t\000y\000\040\000a\000n\000d\000\040\000B\000u\000c\000k\000l\000i\000n\000g\000\040\000C\000o\000n\000s\000i\000d\000e\000r\000a\000t\000i\000o\000n\000s}{section.8}% 41
\BOOKMARK [1][-]{section.9}{\376\377\000C\000a\000l\000c\000u\000l\000a\000t\000i\000o\000n\000\040\000o\000f\000\040\000M\000e\000c\000h\000a\000n\000i\000c\000a\000l\000\040\000S\000t\000r\000a\000i\000n\000s}{}% 42
\BOOKMARK [2][-]{subsection.9.1}{\376\377\000T\000h\000e\000o\000r\000y\000\040\0001\000:\000\040\000C\000l\000a\000m\000p\000e\000d\000\040\000B\000o\000u\000n\000d\000a\000r\000y\000\040\000C\000o\000n\000d\000i\000t\000i\000o\000n\000\040\000a\000t\000\040\000O\000a\000r\000l\000o\000c\000k}{section.9}% 43
\BOOKMARK [3][-]{subsubsection.9.1.1}{\376\377\000B\000o\000u\000n\000d\000a\000r\000y\000\040\000C\000o\000n\000d\000i\000t\000i\000o\000n\000s}{subsection.9.1}% 44
\BOOKMARK [3][-]{subsubsection.9.1.2}{\376\377\000D\000e\000f\000l\000e\000c\000t\000i\000o\000n\000\040\000S\000o\000l\000u\000t\000i\000o\000n}{subsection.9.1}% 45
\BOOKMARK [3][-]{subsubsection.9.1.3}{\376\377\000M\000o\000m\000e\000n\000t\000\040\000D\000i\000s\000t\000r\000i\000b\000u\000t\000i\000o\000n}{subsection.9.1}% 46
\BOOKMARK [3][-]{subsubsection.9.1.4}{\376\377\000S\000t\000r\000a\000i\000n\000\040\000a\000t\000\040\000B\000e\000a\000m\000\040\000L\000o\000c\000a\000t\000i\000o\000n}{subsection.9.1}% 47
\BOOKMARK [3][-]{subsubsection.9.1.5}{\376\377\000N\000u\000m\000e\000r\000i\000c\000a\000l\000\040\000E\000x\000a\000m\000p\000l\000e}{subsection.9.1}% 48
\BOOKMARK [2][-]{subsection.9.2}{\376\377\000T\000h\000e\000o\000r\000y\000\040\0002\000:\000\040\000P\000i\000n\000\040\000S\000u\000p\000p\000o\000r\000t\000\040\000B\000o\000u\000n\000d\000a\000r\000y\000\040\000C\000o\000n\000d\000i\000t\000i\000o\000n\000s}{section.9}% 49
\BOOKMARK [3][-]{subsubsection.9.2.1}{\376\377\000B\000o\000u\000n\000d\000a\000r\000y\000\040\000C\000o\000n\000d\000i\000t\000i\000o\000n\000s}{subsection.9.2}% 50
\BOOKMARK [3][-]{subsubsection.9.2.2}{\376\377\000D\000e\000f\000l\000e\000c\000t\000i\000o\000n\000\040\000S\000o\000l\000u\000t\000i\000o\000n}{subsection.9.2}% 51
\BOOKMARK [3][-]{subsubsection.9.2.3}{\376\377\000M\000o\000m\000e\000n\000t\000\040\000D\000i\000s\000t\000r\000i\000b\000u\000t\000i\000o\000n}{subsection.9.2}% 52
\BOOKMARK [3][-]{subsubsection.9.2.4}{\376\377\000R\000e\000a\000c\000t\000i\000o\000n\000\040\000F\000o\000r\000c\000e\000s}{subsection.9.2}% 53
\BOOKMARK [3][-]{subsubsection.9.2.5}{\376\377\000S\000t\000r\000a\000i\000n\000\040\000a\000t\000\040\000B\000e\000a\000m\000\040\000L\000o\000c\000a\000t\000i\000o\000n}{subsection.9.2}% 54
\BOOKMARK [3][-]{subsubsection.9.2.6}{\376\377\000N\000u\000m\000e\000r\000i\000c\000a\000l\000\040\000E\000x\000a\000m\000p\000l\000e}{subsection.9.2}% 55
\BOOKMARK [1][-]{section.10}{\376\377\000A\000n\000a\000l\000y\000s\000i\000s\000\040\000a\000n\000d\000\040\000C\000a\000l\000i\000b\000r\000a\000t\000i\000o\000n\000\040\000R\000e\000s\000u\000l\000t\000s}{}% 56
\BOOKMARK [2][-]{subsection.10.1}{\376\377\000M\000e\000c\000h\000a\000n\000i\000c\000a\000l\000\040\000C\000a\000l\000i\000b\000r\000a\000t\000i\000o\000n}{section.10}% 57
\BOOKMARK [2][-]{subsection.10.2}{\376\377\000T\000h\000e\000r\000m\000a\000l\000\040\000C\000h\000a\000r\000a\000c\000t\000e\000r\000i\000z\000a\000t\000i\000o\000n}{section.10}% 58
\BOOKMARK [2][-]{subsection.10.3}{\376\377\000J\000o\000i\000n\000t\000\040\000T\000e\000m\000p\000e\000r\000a\000t\000u\000r\000e\000\040\000a\000n\000d\000\040\000L\000o\000a\000d\000\040\000I\000n\000f\000l\000u\000e\000n\000c\000e}{section.10}% 59
\BOOKMARK [2][-]{subsection.10.4}{\376\377\000D\000i\000s\000c\000u\000s\000s\000i\000o\000n}{section.10}% 60
\BOOKMARK [1][-]{section.11}{\376\377\000O\000p\000e\000n\000\040\000Q\000u\000e\000s\000t\000i\000o\000n\000s\000\040\000a\000n\000d\000\040\000F\000u\000t\000u\000r\000e\000\040\000W\000o\000r\000k}{}% 61
\BOOKMARK [1][-]{section.12}{\376\377\000N\000o\000m\000e\000n\000c\000l\000a\000t\000u\000r\000e\000\040\000a\000n\000d\000\040\000S\000u\000b\000s\000c\000r\000i\000p\000t\000\040\000C\000o\000n\000v\000e\000n\000t\000i\000o\000n\000s}{}% 62
\BOOKMARK [2][-]{subsection.12.1}{\376\377\000S\000u\000b\000s\000c\000r\000i\000p\000t\000\040\000C\000o\000n\000v\000e\000n\000t\000i\000o\000n\000s}{section.12}% 63
\BOOKMARK [2][-]{subsection.12.2}{\376\377\000N\000o\000m\000e\000n\000c\000l\000a\000t\000u\000r\000e}{section.12}% 64
\BOOKMARK [1][-]{section.13}{\376\377\000R\000e\000f\000e\000r\000e\000n\000c\000e\000s}{}% 65
